<?xml version="1.0" encoding="UTF-8"?>
<testng-results ignored="0" total="1" passed="1" failed="0" skipped="0">
  <reporter-output>
  </reporter-output>
  <suite started-at="2024-05-29T17:30:06 IST" name="Suite" finished-at="2024-05-29T17:30:33 IST" duration-ms="27279">
    <groups>
    </groups>
    <test started-at="2024-05-29T17:30:06 IST" name="Test" finished-at="2024-05-29T17:30:33 IST" duration-ms="27279">
      <class name="Flipkart.FlipkartTest">
        <test-method is-config="true" signature="initialization()[pri:0, instance:Flipkart.FlipkartTest@1a482e36]" started-at="2024-05-29T17:30:06 IST" name="initialization" finished-at="2024-05-29T17:30:16 IST" duration-ms="9744" status="PASS">
          <reporter-output>
          </reporter-output>
        </test-method> <!-- initialization -->
        <test-method signature="tc01()[pri:0, instance:Flipkart.FlipkartTest@1a482e36]" started-at="2024-05-29T17:30:16 IST" name="tc01" finished-at="2024-05-29T17:30:33 IST" duration-ms="17495" status="PASS">
          <reporter-output>
          </reporter-output>
        </test-method> <!-- tc01 -->
      </class> <!-- Flipkart.FlipkartTest -->
    </test> <!-- Test -->
  </suite> <!-- Suite -->
</testng-results>
